<?xml version="1.0" encoding="UTF-8"?>
<!-- Generated by org.testng.reporters.JUnitReportReporter -->
<testsuite hostname="EC2AMAZ-8KL45D2" failures="0" tests="1" name="pk_HotelBooking.BaseClass" time="3.057" errors="0" timestamp="2024-10-04T07:28:56 UTC" skipped="0">
  <testcase classname="pk_HotelBooking.BaseClass" name="createToken" time="3.057"/>
  <system-out/>
</testsuite> <!-- pk_HotelBooking.BaseClass -->
