<?xml version="1.0" encoding="UTF-8"?>
<!-- Generated by org.testng.reporters.JUnitReportReporter -->
<testsuite hostname="EC2AMAZ-8KL45D2" failures="0" tests="1" name="pk_HotelBooking.Create_Booking_Using_Json_Multiple" time="3.483" errors="0" timestamp="2024-10-04T09:29:45 UTC" skipped="0">
  <testcase classname="pk_HotelBooking.Create_Booking_Using_Json_Multiple" name="createBookings" time="3.483"/>
  <system-out/>
</testsuite> <!-- pk_HotelBooking.Create_Booking_Using_Json_Multiple -->
