<?xml version="1.0" encoding="UTF-8"?>
<!-- Generated by org.testng.reporters.JUnitReportReporter -->
<testsuite hostname="EC2AMAZ-8KL45D2" failures="0" tests="1" name="pk_MyNotes.LogInExisting" time="3.116" errors="0" timestamp="2024-10-07T04:19:09 UTC" skipped="0">
  <testcase classname="pk_MyNotes.LogInExisting" name="createToken" time="3.116"/>
  <system-out/>
</testsuite> <!-- pk_MyNotes.LogInExisting -->
